0 info it worked if it ends with ok
1 verbose cli [ '/Users/dobyeongsu/.nvm/versions/node/v4.1.2/bin/node',
1 verbose cli   '/Users/dobyeongsu/.nvm/versions/node/v4.1.2/bin/npm',
1 verbose cli   'run-script',
1 verbose cli   'front-client' ]
2 info using npm@2.14.4
3 info using node@v4.1.2
4 verbose run-script [ 'prefront-client', 'front-client', 'postfront-client' ]
5 info prefront-client goblin-alt@1.0.0
6 info front-client goblin-alt@1.0.0
7 verbose unsafe-perm in lifecycle true
8 info goblin-alt@1.0.0 Failed to exec front-client script
9 verbose stack Error: goblin-alt@1.0.0 front-client: `webpack --colors --progress --watch`
9 verbose stack Exit status 1
9 verbose stack     at EventEmitter.<anonymous> (/Users/dobyeongsu/.nvm/versions/node/v4.1.2/lib/node_modules/npm/lib/utils/lifecycle.js:214:16)
9 verbose stack     at emitTwo (events.js:87:13)
9 verbose stack     at EventEmitter.emit (events.js:172:7)
9 verbose stack     at ChildProcess.<anonymous> (/Users/dobyeongsu/.nvm/versions/node/v4.1.2/lib/node_modules/npm/lib/utils/spawn.js:24:14)
9 verbose stack     at emitTwo (events.js:87:13)
9 verbose stack     at ChildProcess.emit (events.js:172:7)
9 verbose stack     at maybeClose (internal/child_process.js:818:16)
9 verbose stack     at Process.ChildProcess._handle.onexit (internal/child_process.js:211:5)
10 verbose pkgid goblin-alt@1.0.0
11 verbose cwd /Users/dobyeongsu/projects/goblin-alt
12 error Darwin 15.0.0
13 error argv "/Users/dobyeongsu/.nvm/versions/node/v4.1.2/bin/node" "/Users/dobyeongsu/.nvm/versions/node/v4.1.2/bin/npm" "run-script" "front-client"
14 error node v4.1.2
15 error npm  v2.14.4
16 error code ELIFECYCLE
17 error goblin-alt@1.0.0 front-client: `webpack --colors --progress --watch`
17 error Exit status 1
18 error Failed at the goblin-alt@1.0.0 front-client script 'webpack --colors --progress --watch'.
18 error This is most likely a problem with the goblin-alt package,
18 error not with npm itself.
18 error Tell the author that this fails on your system:
18 error     webpack --colors --progress --watch
18 error You can get their info via:
18 error     npm owner ls goblin-alt
18 error There is likely additional logging output above.
19 verbose exit [ 1, true ]
