[2015-12-05 00:36:04,124][INFO ][node                     ] [Orka] stopping ...
[2015-12-05 00:36:04,352][INFO ][node                     ] [Orka] stopped
[2015-12-05 00:36:04,353][INFO ][node                     ] [Orka] closing ...
[2015-12-05 00:36:04,369][INFO ][node                     ] [Orka] closed
[2015-12-05 00:36:27,531][INFO ][node                     ] [Hybrid II] version[2.1.0], pid[49833], build[72cd1f1/2015-11-18T22:40:03Z]
[2015-12-05 00:36:27,533][INFO ][node                     ] [Hybrid II] initializing ...
[2015-12-05 00:36:27,973][INFO ][plugins                  ] [Hybrid II] loaded [], sites []
[2015-12-05 00:36:28,125][INFO ][env                      ] [Hybrid II] using [1] data paths, mounts [[/ (/dev/disk1)]], net usable_space [28.6gb], net total_space [111.8gb], spins? [unknown], types [hfs]
[2015-12-05 00:36:42,042][INFO ][node                     ] [Hybrid II] initialized
[2015-12-05 00:36:42,058][INFO ][node                     ] [Hybrid II] starting ...
[2015-12-05 00:36:42,627][INFO ][transport                ] [Hybrid II] publish_address {127.0.0.1:9300}, bound_addresses {127.0.0.1:9300}, {[fe80::1]:9300}, {[::1]:9300}
[2015-12-05 00:36:42,691][INFO ][discovery                ] [Hybrid II] elasticsearch/nR6Yuw8TQduMDzE7jgu--A
[2015-12-05 00:36:45,784][INFO ][cluster.service          ] [Hybrid II] new_master {Hybrid II}{nR6Yuw8TQduMDzE7jgu--A}{127.0.0.1}{127.0.0.1:9300}, reason: zen-disco-join(elected_as_master, [0] joins received)
[2015-12-05 00:36:45,836][INFO ][http                     ] [Hybrid II] publish_address {127.0.0.1:9200}, bound_addresses {127.0.0.1:9200}, {[fe80::1]:9200}, {[::1]:9200}
[2015-12-05 00:36:45,839][INFO ][node                     ] [Hybrid II] started
[2015-12-05 00:36:46,255][INFO ][gateway                  ] [Hybrid II] recovered [3] indices into cluster_state
[2015-12-05 00:36:49,895][WARN ][index.translog           ] [Hybrid II] [logstash-2015.12.04][4] failed to delete temp file /Users/dobyeongsu/Dev/app/goblin-alt/debug/elasticsearch-2.1.0/data/elasticsearch/nodes/0/indices/logstash-2015.12.04/4/translog/translog-6764699130153108071.tlog
java.nio.file.NoSuchFileException: /Users/dobyeongsu/Dev/app/goblin-alt/debug/elasticsearch-2.1.0/data/elasticsearch/nodes/0/indices/logstash-2015.12.04/4/translog/translog-6764699130153108071.tlog
	at sun.nio.fs.UnixException.translateToIOException(UnixException.java:86)
	at sun.nio.fs.UnixException.rethrowAsIOException(UnixException.java:102)
	at sun.nio.fs.UnixException.rethrowAsIOException(UnixException.java:107)
	at sun.nio.fs.UnixFileSystemProvider.implDelete(UnixFileSystemProvider.java:244)
	at sun.nio.fs.AbstractFileSystemProvider.delete(AbstractFileSystemProvider.java:103)
	at java.nio.file.Files.delete(Files.java:1126)
	at org.elasticsearch.index.translog.Translog.recoverFromFiles(Translog.java:324)
	at org.elasticsearch.index.translog.Translog.<init>(Translog.java:166)
	at org.elasticsearch.index.engine.InternalEngine.openTranslog(InternalEngine.java:209)
	at org.elasticsearch.index.engine.InternalEngine.<init>(InternalEngine.java:152)
	at org.elasticsearch.index.engine.InternalEngineFactory.newReadWriteEngine(InternalEngineFactory.java:25)
	at org.elasticsearch.index.shard.IndexShard.newEngine(IndexShard.java:1408)
	at org.elasticsearch.index.shard.IndexShard.createNewEngine(IndexShard.java:1403)
	at org.elasticsearch.index.shard.IndexShard.internalPerformTranslogRecovery(IndexShard.java:906)
	at org.elasticsearch.index.shard.IndexShard.performTranslogRecovery(IndexShard.java:883)
	at org.elasticsearch.index.shard.StoreRecoveryService.recoverFromStore(StoreRecoveryService.java:245)
	at org.elasticsearch.index.shard.StoreRecoveryService.access$100(StoreRecoveryService.java:56)
	at org.elasticsearch.index.shard.StoreRecoveryService$1.run(StoreRecoveryService.java:129)
	at java.util.concurrent.ThreadPoolExecutor.runWorker(ThreadPoolExecutor.java:1142)
	at java.util.concurrent.ThreadPoolExecutor$Worker.run(ThreadPoolExecutor.java:617)
	at java.lang.Thread.run(Thread.java:745)
[2015-12-05 00:36:49,895][WARN ][index.translog           ] [Hybrid II] [logstash-2015.12.04][2] failed to delete temp file /Users/dobyeongsu/Dev/app/goblin-alt/debug/elasticsearch-2.1.0/data/elasticsearch/nodes/0/indices/logstash-2015.12.04/2/translog/translog-8305955837556536458.tlog
java.nio.file.NoSuchFileException: /Users/dobyeongsu/Dev/app/goblin-alt/debug/elasticsearch-2.1.0/data/elasticsearch/nodes/0/indices/logstash-2015.12.04/2/translog/translog-8305955837556536458.tlog
	at sun.nio.fs.UnixException.translateToIOException(UnixException.java:86)
	at sun.nio.fs.UnixException.rethrowAsIOException(UnixException.java:102)
	at sun.nio.fs.UnixException.rethrowAsIOException(UnixException.java:107)
	at sun.nio.fs.UnixFileSystemProvider.implDelete(UnixFileSystemProvider.java:244)
	at sun.nio.fs.AbstractFileSystemProvider.delete(AbstractFileSystemProvider.java:103)
	at java.nio.file.Files.delete(Files.java:1126)
	at org.elasticsearch.index.translog.Translog.recoverFromFiles(Translog.java:324)
	at org.elasticsearch.index.translog.Translog.<init>(Translog.java:166)
	at org.elasticsearch.index.engine.InternalEngine.openTranslog(InternalEngine.java:209)
	at org.elasticsearch.index.engine.InternalEngine.<init>(InternalEngine.java:152)
	at org.elasticsearch.index.engine.InternalEngineFactory.newReadWriteEngine(InternalEngineFactory.java:25)
	at org.elasticsearch.index.shard.IndexShard.newEngine(IndexShard.java:1408)
	at org.elasticsearch.index.shard.IndexShard.createNewEngine(IndexShard.java:1403)
	at org.elasticsearch.index.shard.IndexShard.internalPerformTranslogRecovery(IndexShard.java:906)
	at org.elasticsearch.index.shard.IndexShard.performTranslogRecovery(IndexShard.java:883)
	at org.elasticsearch.index.shard.StoreRecoveryService.recoverFromStore(StoreRecoveryService.java:245)
	at org.elasticsearch.index.shard.StoreRecoveryService.access$100(StoreRecoveryService.java:56)
	at org.elasticsearch.index.shard.StoreRecoveryService$1.run(StoreRecoveryService.java:129)
	at java.util.concurrent.ThreadPoolExecutor.runWorker(ThreadPoolExecutor.java:1142)
	at java.util.concurrent.ThreadPoolExecutor$Worker.run(ThreadPoolExecutor.java:617)
	at java.lang.Thread.run(Thread.java:745)
[2015-12-05 00:36:49,895][WARN ][index.translog           ] [Hybrid II] [logstash-2015.12.04][3] failed to delete temp file /Users/dobyeongsu/Dev/app/goblin-alt/debug/elasticsearch-2.1.0/data/elasticsearch/nodes/0/indices/logstash-2015.12.04/3/translog/translog-4323402775451235824.tlog
java.nio.file.NoSuchFileException: /Users/dobyeongsu/Dev/app/goblin-alt/debug/elasticsearch-2.1.0/data/elasticsearch/nodes/0/indices/logstash-2015.12.04/3/translog/translog-4323402775451235824.tlog
	at sun.nio.fs.UnixException.translateToIOException(UnixException.java:86)
	at sun.nio.fs.UnixException.rethrowAsIOException(UnixException.java:102)
	at sun.nio.fs.UnixException.rethrowAsIOException(UnixException.java:107)
	at sun.nio.fs.UnixFileSystemProvider.implDelete(UnixFileSystemProvider.java:244)
	at sun.nio.fs.AbstractFileSystemProvider.delete(AbstractFileSystemProvider.java:103)
	at java.nio.file.Files.delete(Files.java:1126)
	at org.elasticsearch.index.translog.Translog.recoverFromFiles(Translog.java:324)
	at org.elasticsearch.index.translog.Translog.<init>(Translog.java:166)
	at org.elasticsearch.index.engine.InternalEngine.openTranslog(InternalEngine.java:209)
	at org.elasticsearch.index.engine.InternalEngine.<init>(InternalEngine.java:152)
	at org.elasticsearch.index.engine.InternalEngineFactory.newReadWriteEngine(InternalEngineFactory.java:25)
	at org.elasticsearch.index.shard.IndexShard.newEngine(IndexShard.java:1408)
	at org.elasticsearch.index.shard.IndexShard.createNewEngine(IndexShard.java:1403)
	at org.elasticsearch.index.shard.IndexShard.internalPerformTranslogRecovery(IndexShard.java:906)
	at org.elasticsearch.index.shard.IndexShard.performTranslogRecovery(IndexShard.java:883)
	at org.elasticsearch.index.shard.StoreRecoveryService.recoverFromStore(StoreRecoveryService.java:245)
	at org.elasticsearch.index.shard.StoreRecoveryService.access$100(StoreRecoveryService.java:56)
	at org.elasticsearch.index.shard.StoreRecoveryService$1.run(StoreRecoveryService.java:129)
	at java.util.concurrent.ThreadPoolExecutor.runWorker(ThreadPoolExecutor.java:1142)
	at java.util.concurrent.ThreadPoolExecutor$Worker.run(ThreadPoolExecutor.java:617)
	at java.lang.Thread.run(Thread.java:745)
[2015-12-05 00:36:49,895][WARN ][index.translog           ] [Hybrid II] [logstash-2015.12.04][1] failed to delete temp file /Users/dobyeongsu/Dev/app/goblin-alt/debug/elasticsearch-2.1.0/data/elasticsearch/nodes/0/indices/logstash-2015.12.04/1/translog/translog-659323315991375029.tlog
java.nio.file.NoSuchFileException: /Users/dobyeongsu/Dev/app/goblin-alt/debug/elasticsearch-2.1.0/data/elasticsearch/nodes/0/indices/logstash-2015.12.04/1/translog/translog-659323315991375029.tlog
	at sun.nio.fs.UnixException.translateToIOException(UnixException.java:86)
	at sun.nio.fs.UnixException.rethrowAsIOException(UnixException.java:102)
	at sun.nio.fs.UnixException.rethrowAsIOException(UnixException.java:107)
	at sun.nio.fs.UnixFileSystemProvider.implDelete(UnixFileSystemProvider.java:244)
	at sun.nio.fs.AbstractFileSystemProvider.delete(AbstractFileSystemProvider.java:103)
	at java.nio.file.Files.delete(Files.java:1126)
	at org.elasticsearch.index.translog.Translog.recoverFromFiles(Translog.java:324)
	at org.elasticsearch.index.translog.Translog.<init>(Translog.java:166)
	at org.elasticsearch.index.engine.InternalEngine.openTranslog(InternalEngine.java:209)
	at org.elasticsearch.index.engine.InternalEngine.<init>(InternalEngine.java:152)
	at org.elasticsearch.index.engine.InternalEngineFactory.newReadWriteEngine(InternalEngineFactory.java:25)
	at org.elasticsearch.index.shard.IndexShard.newEngine(IndexShard.java:1408)
	at org.elasticsearch.index.shard.IndexShard.createNewEngine(IndexShard.java:1403)
	at org.elasticsearch.index.shard.IndexShard.internalPerformTranslogRecovery(IndexShard.java:906)
	at org.elasticsearch.index.shard.IndexShard.performTranslogRecovery(IndexShard.java:883)
	at org.elasticsearch.index.shard.StoreRecoveryService.recoverFromStore(StoreRecoveryService.java:245)
	at org.elasticsearch.index.shard.StoreRecoveryService.access$100(StoreRecoveryService.java:56)
	at org.elasticsearch.index.shard.StoreRecoveryService$1.run(StoreRecoveryService.java:129)
	at java.util.concurrent.ThreadPoolExecutor.runWorker(ThreadPoolExecutor.java:1142)
	at java.util.concurrent.ThreadPoolExecutor$Worker.run(ThreadPoolExecutor.java:617)
	at java.lang.Thread.run(Thread.java:745)
[2015-12-05 00:36:50,465][WARN ][index.translog           ] [Hybrid II] [logstash-2015.12.03][1] failed to delete temp file /Users/dobyeongsu/Dev/app/goblin-alt/debug/elasticsearch-2.1.0/data/elasticsearch/nodes/0/indices/logstash-2015.12.03/1/translog/translog-1823377636169187736.tlog
java.nio.file.NoSuchFileException: /Users/dobyeongsu/Dev/app/goblin-alt/debug/elasticsearch-2.1.0/data/elasticsearch/nodes/0/indices/logstash-2015.12.03/1/translog/translog-1823377636169187736.tlog
	at sun.nio.fs.UnixException.translateToIOException(UnixException.java:86)
	at sun.nio.fs.UnixException.rethrowAsIOException(UnixException.java:102)
	at sun.nio.fs.UnixException.rethrowAsIOException(UnixException.java:107)
	at sun.nio.fs.UnixFileSystemProvider.implDelete(UnixFileSystemProvider.java:244)
	at sun.nio.fs.AbstractFileSystemProvider.delete(AbstractFileSystemProvider.java:103)
	at java.nio.file.Files.delete(Files.java:1126)
	at org.elasticsearch.index.translog.Translog.recoverFromFiles(Translog.java:324)
	at org.elasticsearch.index.translog.Translog.<init>(Translog.java:166)
	at org.elasticsearch.index.engine.InternalEngine.openTranslog(InternalEngine.java:209)
	at org.elasticsearch.index.engine.InternalEngine.<init>(InternalEngine.java:152)
	at org.elasticsearch.index.engine.InternalEngineFactory.newReadWriteEngine(InternalEngineFactory.java:25)
	at org.elasticsearch.index.shard.IndexShard.newEngine(IndexShard.java:1408)
	at org.elasticsearch.index.shard.IndexShard.createNewEngine(IndexShard.java:1403)
	at org.elasticsearch.index.shard.IndexShard.internalPerformTranslogRecovery(IndexShard.java:906)
	at org.elasticsearch.index.shard.IndexShard.performTranslogRecovery(IndexShard.java:883)
	at org.elasticsearch.index.shard.StoreRecoveryService.recoverFromStore(StoreRecoveryService.java:245)
	at org.elasticsearch.index.shard.StoreRecoveryService.access$100(StoreRecoveryService.java:56)
	at org.elasticsearch.index.shard.StoreRecoveryService$1.run(StoreRecoveryService.java:129)
	at java.util.concurrent.ThreadPoolExecutor.runWorker(ThreadPoolExecutor.java:1142)
	at java.util.concurrent.ThreadPoolExecutor$Worker.run(ThreadPoolExecutor.java:617)
	at java.lang.Thread.run(Thread.java:745)
[2015-12-05 00:36:50,515][WARN ][index.translog           ] [Hybrid II] [logstash-2015.12.03][0] failed to delete temp file /Users/dobyeongsu/Dev/app/goblin-alt/debug/elasticsearch-2.1.0/data/elasticsearch/nodes/0/indices/logstash-2015.12.03/0/translog/translog-76748395323052653.tlog
java.nio.file.NoSuchFileException: /Users/dobyeongsu/Dev/app/goblin-alt/debug/elasticsearch-2.1.0/data/elasticsearch/nodes/0/indices/logstash-2015.12.03/0/translog/translog-76748395323052653.tlog
	at sun.nio.fs.UnixException.translateToIOException(UnixException.java:86)
	at sun.nio.fs.UnixException.rethrowAsIOException(UnixException.java:102)
	at sun.nio.fs.UnixException.rethrowAsIOException(UnixException.java:107)
	at sun.nio.fs.UnixFileSystemProvider.implDelete(UnixFileSystemProvider.java:244)
	at sun.nio.fs.AbstractFileSystemProvider.delete(AbstractFileSystemProvider.java:103)
	at java.nio.file.Files.delete(Files.java:1126)
	at org.elasticsearch.index.translog.Translog.recoverFromFiles(Translog.java:324)
	at org.elasticsearch.index.translog.Translog.<init>(Translog.java:166)
	at org.elasticsearch.index.engine.InternalEngine.openTranslog(InternalEngine.java:209)
	at org.elasticsearch.index.engine.InternalEngine.<init>(InternalEngine.java:152)
	at org.elasticsearch.index.engine.InternalEngineFactory.newReadWriteEngine(InternalEngineFactory.java:25)
	at org.elasticsearch.index.shard.IndexShard.newEngine(IndexShard.java:1408)
	at org.elasticsearch.index.shard.IndexShard.createNewEngine(IndexShard.java:1403)
	at org.elasticsearch.index.shard.IndexShard.internalPerformTranslogRecovery(IndexShard.java:906)
	at org.elasticsearch.index.shard.IndexShard.performTranslogRecovery(IndexShard.java:883)
	at org.elasticsearch.index.shard.StoreRecoveryService.recoverFromStore(StoreRecoveryService.java:245)
	at org.elasticsearch.index.shard.StoreRecoveryService.access$100(StoreRecoveryService.java:56)
	at org.elasticsearch.index.shard.StoreRecoveryService$1.run(StoreRecoveryService.java:129)
	at java.util.concurrent.ThreadPoolExecutor.runWorker(ThreadPoolExecutor.java:1142)
	at java.util.concurrent.ThreadPoolExecutor$Worker.run(ThreadPoolExecutor.java:617)
	at java.lang.Thread.run(Thread.java:745)
[2015-12-05 00:36:50,905][WARN ][index.translog           ] [Hybrid II] [logstash-2015.12.04][0] failed to delete temp file /Users/dobyeongsu/Dev/app/goblin-alt/debug/elasticsearch-2.1.0/data/elasticsearch/nodes/0/indices/logstash-2015.12.04/0/translog/translog-3254091255320578633.tlog
java.nio.file.NoSuchFileException: /Users/dobyeongsu/Dev/app/goblin-alt/debug/elasticsearch-2.1.0/data/elasticsearch/nodes/0/indices/logstash-2015.12.04/0/translog/translog-3254091255320578633.tlog
	at sun.nio.fs.UnixException.translateToIOException(UnixException.java:86)
	at sun.nio.fs.UnixException.rethrowAsIOException(UnixException.java:102)
	at sun.nio.fs.UnixException.rethrowAsIOException(UnixException.java:107)
	at sun.nio.fs.UnixFileSystemProvider.implDelete(UnixFileSystemProvider.java:244)
	at sun.nio.fs.AbstractFileSystemProvider.delete(AbstractFileSystemProvider.java:103)
	at java.nio.file.Files.delete(Files.java:1126)
	at org.elasticsearch.index.translog.Translog.recoverFromFiles(Translog.java:324)
	at org.elasticsearch.index.translog.Translog.<init>(Translog.java:166)
	at org.elasticsearch.index.engine.InternalEngine.openTranslog(InternalEngine.java:209)
	at org.elasticsearch.index.engine.InternalEngine.<init>(InternalEngine.java:152)
	at org.elasticsearch.index.engine.InternalEngineFactory.newReadWriteEngine(InternalEngineFactory.java:25)
	at org.elasticsearch.index.shard.IndexShard.newEngine(IndexShard.java:1408)
	at org.elasticsearch.index.shard.IndexShard.createNewEngine(IndexShard.java:1403)
	at org.elasticsearch.index.shard.IndexShard.internalPerformTranslogRecovery(IndexShard.java:906)
	at org.elasticsearch.index.shard.IndexShard.performTranslogRecovery(IndexShard.java:883)
	at org.elasticsearch.index.shard.StoreRecoveryService.recoverFromStore(StoreRecoveryService.java:245)
	at org.elasticsearch.index.shard.StoreRecoveryService.access$100(StoreRecoveryService.java:56)
	at org.elasticsearch.index.shard.StoreRecoveryService$1.run(StoreRecoveryService.java:129)
	at java.util.concurrent.ThreadPoolExecutor.runWorker(ThreadPoolExecutor.java:1142)
	at java.util.concurrent.ThreadPoolExecutor$Worker.run(ThreadPoolExecutor.java:617)
	at java.lang.Thread.run(Thread.java:745)
[2015-12-05 00:36:51,078][WARN ][index.translog           ] [Hybrid II] [logstash-2015.12.03][4] failed to delete temp file /Users/dobyeongsu/Dev/app/goblin-alt/debug/elasticsearch-2.1.0/data/elasticsearch/nodes/0/indices/logstash-2015.12.03/4/translog/translog-5285102040431901303.tlog
java.nio.file.NoSuchFileException: /Users/dobyeongsu/Dev/app/goblin-alt/debug/elasticsearch-2.1.0/data/elasticsearch/nodes/0/indices/logstash-2015.12.03/4/translog/translog-5285102040431901303.tlog
	at sun.nio.fs.UnixException.translateToIOException(UnixException.java:86)
	at sun.nio.fs.UnixException.rethrowAsIOException(UnixException.java:102)
	at sun.nio.fs.UnixException.rethrowAsIOException(UnixException.java:107)
	at sun.nio.fs.UnixFileSystemProvider.implDelete(UnixFileSystemProvider.java:244)
	at sun.nio.fs.AbstractFileSystemProvider.delete(AbstractFileSystemProvider.java:103)
	at java.nio.file.Files.delete(Files.java:1126)
	at org.elasticsearch.index.translog.Translog.recoverFromFiles(Translog.java:324)
	at org.elasticsearch.index.translog.Translog.<init>(Translog.java:166)
	at org.elasticsearch.index.engine.InternalEngine.openTranslog(InternalEngine.java:209)
	at org.elasticsearch.index.engine.InternalEngine.<init>(InternalEngine.java:152)
	at org.elasticsearch.index.engine.InternalEngineFactory.newReadWriteEngine(InternalEngineFactory.java:25)
	at org.elasticsearch.index.shard.IndexShard.newEngine(IndexShard.java:1408)
	at org.elasticsearch.index.shard.IndexShard.createNewEngine(IndexShard.java:1403)
	at org.elasticsearch.index.shard.IndexShard.internalPerformTranslogRecovery(IndexShard.java:906)
	at org.elasticsearch.index.shard.IndexShard.performTranslogRecovery(IndexShard.java:883)
	at org.elasticsearch.index.shard.StoreRecoveryService.recoverFromStore(StoreRecoveryService.java:245)
	at org.elasticsearch.index.shard.StoreRecoveryService.access$100(StoreRecoveryService.java:56)
	at org.elasticsearch.index.shard.StoreRecoveryService$1.run(StoreRecoveryService.java:129)
	at java.util.concurrent.ThreadPoolExecutor.runWorker(ThreadPoolExecutor.java:1142)
	at java.util.concurrent.ThreadPoolExecutor$Worker.run(ThreadPoolExecutor.java:617)
	at java.lang.Thread.run(Thread.java:745)
[2015-12-05 00:36:51,311][WARN ][index.translog           ] [Hybrid II] [logstash-2015.12.03][2] failed to delete temp file /Users/dobyeongsu/Dev/app/goblin-alt/debug/elasticsearch-2.1.0/data/elasticsearch/nodes/0/indices/logstash-2015.12.03/2/translog/translog-8970773632280023000.tlog
java.nio.file.NoSuchFileException: /Users/dobyeongsu/Dev/app/goblin-alt/debug/elasticsearch-2.1.0/data/elasticsearch/nodes/0/indices/logstash-2015.12.03/2/translog/translog-8970773632280023000.tlog
	at sun.nio.fs.UnixException.translateToIOException(UnixException.java:86)
	at sun.nio.fs.UnixException.rethrowAsIOException(UnixException.java:102)
	at sun.nio.fs.UnixException.rethrowAsIOException(UnixException.java:107)
	at sun.nio.fs.UnixFileSystemProvider.implDelete(UnixFileSystemProvider.java:244)
	at sun.nio.fs.AbstractFileSystemProvider.delete(AbstractFileSystemProvider.java:103)
	at java.nio.file.Files.delete(Files.java:1126)
	at org.elasticsearch.index.translog.Translog.recoverFromFiles(Translog.java:324)
	at org.elasticsearch.index.translog.Translog.<init>(Translog.java:166)
	at org.elasticsearch.index.engine.InternalEngine.openTranslog(InternalEngine.java:209)
	at org.elasticsearch.index.engine.InternalEngine.<init>(InternalEngine.java:152)
	at org.elasticsearch.index.engine.InternalEngineFactory.newReadWriteEngine(InternalEngineFactory.java:25)
	at org.elasticsearch.index.shard.IndexShard.newEngine(IndexShard.java:1408)
	at org.elasticsearch.index.shard.IndexShard.createNewEngine(IndexShard.java:1403)
	at org.elasticsearch.index.shard.IndexShard.internalPerformTranslogRecovery(IndexShard.java:906)
	at org.elasticsearch.index.shard.IndexShard.performTranslogRecovery(IndexShard.java:883)
	at org.elasticsearch.index.shard.StoreRecoveryService.recoverFromStore(StoreRecoveryService.java:245)
	at org.elasticsearch.index.shard.StoreRecoveryService.access$100(StoreRecoveryService.java:56)
	at org.elasticsearch.index.shard.StoreRecoveryService$1.run(StoreRecoveryService.java:129)
	at java.util.concurrent.ThreadPoolExecutor.runWorker(ThreadPoolExecutor.java:1142)
	at java.util.concurrent.ThreadPoolExecutor$Worker.run(ThreadPoolExecutor.java:617)
	at java.lang.Thread.run(Thread.java:745)
[2015-12-05 00:36:51,451][WARN ][index.translog           ] [Hybrid II] [logstash-2015.12.03][3] failed to delete temp file /Users/dobyeongsu/Dev/app/goblin-alt/debug/elasticsearch-2.1.0/data/elasticsearch/nodes/0/indices/logstash-2015.12.03/3/translog/translog-1647331692001569056.tlog
java.nio.file.NoSuchFileException: /Users/dobyeongsu/Dev/app/goblin-alt/debug/elasticsearch-2.1.0/data/elasticsearch/nodes/0/indices/logstash-2015.12.03/3/translog/translog-1647331692001569056.tlog
	at sun.nio.fs.UnixException.translateToIOException(UnixException.java:86)
	at sun.nio.fs.UnixException.rethrowAsIOException(UnixException.java:102)
	at sun.nio.fs.UnixException.rethrowAsIOException(UnixException.java:107)
	at sun.nio.fs.UnixFileSystemProvider.implDelete(UnixFileSystemProvider.java:244)
	at sun.nio.fs.AbstractFileSystemProvider.delete(AbstractFileSystemProvider.java:103)
	at java.nio.file.Files.delete(Files.java:1126)
	at org.elasticsearch.index.translog.Translog.recoverFromFiles(Translog.java:324)
	at org.elasticsearch.index.translog.Translog.<init>(Translog.java:166)
	at org.elasticsearch.index.engine.InternalEngine.openTranslog(InternalEngine.java:209)
	at org.elasticsearch.index.engine.InternalEngine.<init>(InternalEngine.java:152)
	at org.elasticsearch.index.engine.InternalEngineFactory.newReadWriteEngine(InternalEngineFactory.java:25)
	at org.elasticsearch.index.shard.IndexShard.newEngine(IndexShard.java:1408)
	at org.elasticsearch.index.shard.IndexShard.createNewEngine(IndexShard.java:1403)
	at org.elasticsearch.index.shard.IndexShard.internalPerformTranslogRecovery(IndexShard.java:906)
	at org.elasticsearch.index.shard.IndexShard.performTranslogRecovery(IndexShard.java:883)
	at org.elasticsearch.index.shard.StoreRecoveryService.recoverFromStore(StoreRecoveryService.java:245)
	at org.elasticsearch.index.shard.StoreRecoveryService.access$100(StoreRecoveryService.java:56)
	at org.elasticsearch.index.shard.StoreRecoveryService$1.run(StoreRecoveryService.java:129)
	at java.util.concurrent.ThreadPoolExecutor.runWorker(ThreadPoolExecutor.java:1142)
	at java.util.concurrent.ThreadPoolExecutor$Worker.run(ThreadPoolExecutor.java:617)
	at java.lang.Thread.run(Thread.java:745)
[2015-12-05 00:36:51,787][WARN ][index.translog           ] [Hybrid II] [.kibana][0] failed to delete temp file /Users/dobyeongsu/Dev/app/goblin-alt/debug/elasticsearch-2.1.0/data/elasticsearch/nodes/0/indices/.kibana/0/translog/translog-8054648789480314889.tlog
java.nio.file.NoSuchFileException: /Users/dobyeongsu/Dev/app/goblin-alt/debug/elasticsearch-2.1.0/data/elasticsearch/nodes/0/indices/.kibana/0/translog/translog-8054648789480314889.tlog
	at sun.nio.fs.UnixException.translateToIOException(UnixException.java:86)
	at sun.nio.fs.UnixException.rethrowAsIOException(UnixException.java:102)
	at sun.nio.fs.UnixException.rethrowAsIOException(UnixException.java:107)
	at sun.nio.fs.UnixFileSystemProvider.implDelete(UnixFileSystemProvider.java:244)
	at sun.nio.fs.AbstractFileSystemProvider.delete(AbstractFileSystemProvider.java:103)
	at java.nio.file.Files.delete(Files.java:1126)
	at org.elasticsearch.index.translog.Translog.recoverFromFiles(Translog.java:324)
	at org.elasticsearch.index.translog.Translog.<init>(Translog.java:166)
	at org.elasticsearch.index.engine.InternalEngine.openTranslog(InternalEngine.java:209)
	at org.elasticsearch.index.engine.InternalEngine.<init>(InternalEngine.java:152)
	at org.elasticsearch.index.engine.InternalEngineFactory.newReadWriteEngine(InternalEngineFactory.java:25)
	at org.elasticsearch.index.shard.IndexShard.newEngine(IndexShard.java:1408)
	at org.elasticsearch.index.shard.IndexShard.createNewEngine(IndexShard.java:1403)
	at org.elasticsearch.index.shard.IndexShard.internalPerformTranslogRecovery(IndexShard.java:906)
	at org.elasticsearch.index.shard.IndexShard.performTranslogRecovery(IndexShard.java:883)
	at org.elasticsearch.index.shard.StoreRecoveryService.recoverFromStore(StoreRecoveryService.java:245)
	at org.elasticsearch.index.shard.StoreRecoveryService.access$100(StoreRecoveryService.java:56)
	at org.elasticsearch.index.shard.StoreRecoveryService$1.run(StoreRecoveryService.java:129)
	at java.util.concurrent.ThreadPoolExecutor.runWorker(ThreadPoolExecutor.java:1142)
	at java.util.concurrent.ThreadPoolExecutor$Worker.run(ThreadPoolExecutor.java:617)
	at java.lang.Thread.run(Thread.java:745)
[2015-12-05 19:35:40,706][INFO ][cluster.metadata         ] [Hybrid II] [logstash-2015.12.05] creating index, cause [auto(index api)], templates [], shards [5]/[1], mappings [logs]
[2015-12-05 19:35:41,163][INFO ][cluster.metadata         ] [Hybrid II] [logstash-2015.12.05] update_mapping [logs]
[2015-12-05 19:48:42,788][INFO ][node                     ] [Hybrid II] stopping ...
[2015-12-05 19:48:42,891][INFO ][node                     ] [Hybrid II] stopped
[2015-12-05 19:48:42,891][INFO ][node                     ] [Hybrid II] closing ...
[2015-12-05 19:48:42,898][INFO ][node                     ] [Hybrid II] closed
[2015-12-05 19:49:28,165][INFO ][node                     ] [Zaladane] version[2.1.0], pid[51933], build[72cd1f1/2015-11-18T22:40:03Z]
[2015-12-05 19:49:28,166][INFO ][node                     ] [Zaladane] initializing ...
[2015-12-05 19:49:28,265][INFO ][plugins                  ] [Zaladane] loaded [], sites []
[2015-12-05 19:49:28,306][INFO ][env                      ] [Zaladane] using [1] data paths, mounts [[/ (/dev/disk1)]], net usable_space [28.5gb], net total_space [111.8gb], spins? [unknown], types [hfs]
[2015-12-05 19:49:30,539][INFO ][node                     ] [Zaladane] initialized
[2015-12-05 19:49:30,539][INFO ][node                     ] [Zaladane] starting ...
[2015-12-05 19:49:30,636][INFO ][transport                ] [Zaladane] publish_address {127.0.0.1:9300}, bound_addresses {127.0.0.1:9300}, {[fe80::1]:9300}, {[::1]:9300}
[2015-12-05 19:49:30,648][INFO ][discovery                ] [Zaladane] elasticsearch/DD91Vr6QQSONMQyhldgIgA
[2015-12-05 19:49:33,691][INFO ][cluster.service          ] [Zaladane] new_master {Zaladane}{DD91Vr6QQSONMQyhldgIgA}{127.0.0.1}{127.0.0.1:9300}, reason: zen-disco-join(elected_as_master, [0] joins received)
[2015-12-05 19:49:33,702][INFO ][http                     ] [Zaladane] publish_address {127.0.0.1:9200}, bound_addresses {127.0.0.1:9200}, {[fe80::1]:9200}, {[::1]:9200}
[2015-12-05 19:49:33,702][INFO ][node                     ] [Zaladane] started
[2015-12-05 19:49:33,772][INFO ][gateway                  ] [Zaladane] recovered [4] indices into cluster_state
[2015-12-05 19:49:34,150][WARN ][index.translog           ] [Zaladane] [logstash-2015.12.05][4] failed to delete temp file /Users/dobyeongsu/Dev/app/goblin-alt/debug/elasticsearch-2.1.0/data/elasticsearch/nodes/0/indices/logstash-2015.12.05/4/translog/translog-2720592436666542893.tlog
java.nio.file.NoSuchFileException: /Users/dobyeongsu/Dev/app/goblin-alt/debug/elasticsearch-2.1.0/data/elasticsearch/nodes/0/indices/logstash-2015.12.05/4/translog/translog-2720592436666542893.tlog
	at sun.nio.fs.UnixException.translateToIOException(UnixException.java:86)
	at sun.nio.fs.UnixException.rethrowAsIOException(UnixException.java:102)
	at sun.nio.fs.UnixException.rethrowAsIOException(UnixException.java:107)
	at sun.nio.fs.UnixFileSystemProvider.implDelete(UnixFileSystemProvider.java:244)
	at sun.nio.fs.AbstractFileSystemProvider.delete(AbstractFileSystemProvider.java:103)
	at java.nio.file.Files.delete(Files.java:1126)
	at org.elasticsearch.index.translog.Translog.recoverFromFiles(Translog.java:324)
	at org.elasticsearch.index.translog.Translog.<init>(Translog.java:166)
	at org.elasticsearch.index.engine.InternalEngine.openTranslog(InternalEngine.java:209)
	at org.elasticsearch.index.engine.InternalEngine.<init>(InternalEngine.java:152)
	at org.elasticsearch.index.engine.InternalEngineFactory.newReadWriteEngine(InternalEngineFactory.java:25)
	at org.elasticsearch.index.shard.IndexShard.newEngine(IndexShard.java:1408)
	at org.elasticsearch.index.shard.IndexShard.createNewEngine(IndexShard.java:1403)
	at org.elasticsearch.index.shard.IndexShard.internalPerformTranslogRecovery(IndexShard.java:906)
	at org.elasticsearch.index.shard.IndexShard.performTranslogRecovery(IndexShard.java:883)
	at org.elasticsearch.index.shard.StoreRecoveryService.recoverFromStore(StoreRecoveryService.java:245)
	at org.elasticsearch.index.shard.StoreRecoveryService.access$100(StoreRecoveryService.java:56)
	at org.elasticsearch.index.shard.StoreRecoveryService$1.run(StoreRecoveryService.java:129)
	at java.util.concurrent.ThreadPoolExecutor.runWorker(ThreadPoolExecutor.java:1142)
	at java.util.concurrent.ThreadPoolExecutor$Worker.run(ThreadPoolExecutor.java:617)
	at java.lang.Thread.run(Thread.java:745)
[2015-12-05 19:49:34,151][WARN ][index.translog           ] [Zaladane] [logstash-2015.12.05][0] failed to delete temp file /Users/dobyeongsu/Dev/app/goblin-alt/debug/elasticsearch-2.1.0/data/elasticsearch/nodes/0/indices/logstash-2015.12.05/0/translog/translog-2819717591544521950.tlog
java.nio.file.NoSuchFileException: /Users/dobyeongsu/Dev/app/goblin-alt/debug/elasticsearch-2.1.0/data/elasticsearch/nodes/0/indices/logstash-2015.12.05/0/translog/translog-2819717591544521950.tlog
	at sun.nio.fs.UnixException.translateToIOException(UnixException.java:86)
	at sun.nio.fs.UnixException.rethrowAsIOException(UnixException.java:102)
	at sun.nio.fs.UnixException.rethrowAsIOException(UnixException.java:107)
	at sun.nio.fs.UnixFileSystemProvider.implDelete(UnixFileSystemProvider.java:244)
	at sun.nio.fs.AbstractFileSystemProvider.delete(AbstractFileSystemProvider.java:103)
	at java.nio.file.Files.delete(Files.java:1126)
	at org.elasticsearch.index.translog.Translog.recoverFromFiles(Translog.java:324)
	at org.elasticsearch.index.translog.Translog.<init>(Translog.java:166)
	at org.elasticsearch.index.engine.InternalEngine.openTranslog(InternalEngine.java:209)
	at org.elasticsearch.index.engine.InternalEngine.<init>(InternalEngine.java:152)
	at org.elasticsearch.index.engine.InternalEngineFactory.newReadWriteEngine(InternalEngineFactory.java:25)
	at org.elasticsearch.index.shard.IndexShard.newEngine(IndexShard.java:1408)
	at org.elasticsearch.index.shard.IndexShard.createNewEngine(IndexShard.java:1403)
	at org.elasticsearch.index.shard.IndexShard.internalPerformTranslogRecovery(IndexShard.java:906)
	at org.elasticsearch.index.shard.IndexShard.performTranslogRecovery(IndexShard.java:883)
	at org.elasticsearch.index.shard.StoreRecoveryService.recoverFromStore(StoreRecoveryService.java:245)
	at org.elasticsearch.index.shard.StoreRecoveryService.access$100(StoreRecoveryService.java:56)
	at org.elasticsearch.index.shard.StoreRecoveryService$1.run(StoreRecoveryService.java:129)
	at java.util.concurrent.ThreadPoolExecutor.runWorker(ThreadPoolExecutor.java:1142)
	at java.util.concurrent.ThreadPoolExecutor$Worker.run(ThreadPoolExecutor.java:617)
	at java.lang.Thread.run(Thread.java:745)
[2015-12-05 19:49:34,150][WARN ][index.translog           ] [Zaladane] [logstash-2015.12.05][2] failed to delete temp file /Users/dobyeongsu/Dev/app/goblin-alt/debug/elasticsearch-2.1.0/data/elasticsearch/nodes/0/indices/logstash-2015.12.05/2/translog/translog-8518718798912699745.tlog
java.nio.file.NoSuchFileException: /Users/dobyeongsu/Dev/app/goblin-alt/debug/elasticsearch-2.1.0/data/elasticsearch/nodes/0/indices/logstash-2015.12.05/2/translog/translog-8518718798912699745.tlog
	at sun.nio.fs.UnixException.translateToIOException(UnixException.java:86)
	at sun.nio.fs.UnixException.rethrowAsIOException(UnixException.java:102)
	at sun.nio.fs.UnixException.rethrowAsIOException(UnixException.java:107)
	at sun.nio.fs.UnixFileSystemProvider.implDelete(UnixFileSystemProvider.java:244)
	at sun.nio.fs.AbstractFileSystemProvider.delete(AbstractFileSystemProvider.java:103)
	at java.nio.file.Files.delete(Files.java:1126)
	at org.elasticsearch.index.translog.Translog.recoverFromFiles(Translog.java:324)
	at org.elasticsearch.index.translog.Translog.<init>(Translog.java:166)
	at org.elasticsearch.index.engine.InternalEngine.openTranslog(InternalEngine.java:209)
	at org.elasticsearch.index.engine.InternalEngine.<init>(InternalEngine.java:152)
	at org.elasticsearch.index.engine.InternalEngineFactory.newReadWriteEngine(InternalEngineFactory.java:25)
	at org.elasticsearch.index.shard.IndexShard.newEngine(IndexShard.java:1408)
	at org.elasticsearch.index.shard.IndexShard.createNewEngine(IndexShard.java:1403)
	at org.elasticsearch.index.shard.IndexShard.internalPerformTranslogRecovery(IndexShard.java:906)
	at org.elasticsearch.index.shard.IndexShard.performTranslogRecovery(IndexShard.java:883)
	at org.elasticsearch.index.shard.StoreRecoveryService.recoverFromStore(StoreRecoveryService.java:245)
	at org.elasticsearch.index.shard.StoreRecoveryService.access$100(StoreRecoveryService.java:56)
	at org.elasticsearch.index.shard.StoreRecoveryService$1.run(StoreRecoveryService.java:129)
	at java.util.concurrent.ThreadPoolExecutor.runWorker(ThreadPoolExecutor.java:1142)
	at java.util.concurrent.ThreadPoolExecutor$Worker.run(ThreadPoolExecutor.java:617)
	at java.lang.Thread.run(Thread.java:745)
[2015-12-05 19:49:34,150][WARN ][index.translog           ] [Zaladane] [logstash-2015.12.05][3] failed to delete temp file /Users/dobyeongsu/Dev/app/goblin-alt/debug/elasticsearch-2.1.0/data/elasticsearch/nodes/0/indices/logstash-2015.12.05/3/translog/translog-7847393358423764038.tlog
java.nio.file.NoSuchFileException: /Users/dobyeongsu/Dev/app/goblin-alt/debug/elasticsearch-2.1.0/data/elasticsearch/nodes/0/indices/logstash-2015.12.05/3/translog/translog-7847393358423764038.tlog
	at sun.nio.fs.UnixException.translateToIOException(UnixException.java:86)
	at sun.nio.fs.UnixException.rethrowAsIOException(UnixException.java:102)
	at sun.nio.fs.UnixException.rethrowAsIOException(UnixException.java:107)
	at sun.nio.fs.UnixFileSystemProvider.implDelete(UnixFileSystemProvider.java:244)
	at sun.nio.fs.AbstractFileSystemProvider.delete(AbstractFileSystemProvider.java:103)
	at java.nio.file.Files.delete(Files.java:1126)
	at org.elasticsearch.index.translog.Translog.recoverFromFiles(Translog.java:324)
	at org.elasticsearch.index.translog.Translog.<init>(Translog.java:166)
	at org.elasticsearch.index.engine.InternalEngine.openTranslog(InternalEngine.java:209)
	at org.elasticsearch.index.engine.InternalEngine.<init>(InternalEngine.java:152)
	at org.elasticsearch.index.engine.InternalEngineFactory.newReadWriteEngine(InternalEngineFactory.java:25)
	at org.elasticsearch.index.shard.IndexShard.newEngine(IndexShard.java:1408)
	at org.elasticsearch.index.shard.IndexShard.createNewEngine(IndexShard.java:1403)
	at org.elasticsearch.index.shard.IndexShard.internalPerformTranslogRecovery(IndexShard.java:906)
	at org.elasticsearch.index.shard.IndexShard.performTranslogRecovery(IndexShard.java:883)
	at org.elasticsearch.index.shard.StoreRecoveryService.recoverFromStore(StoreRecoveryService.java:245)
	at org.elasticsearch.index.shard.StoreRecoveryService.access$100(StoreRecoveryService.java:56)
	at org.elasticsearch.index.shard.StoreRecoveryService$1.run(StoreRecoveryService.java:129)
	at java.util.concurrent.ThreadPoolExecutor.runWorker(ThreadPoolExecutor.java:1142)
	at java.util.concurrent.ThreadPoolExecutor$Worker.run(ThreadPoolExecutor.java:617)
	at java.lang.Thread.run(Thread.java:745)
[2015-12-05 19:49:34,297][WARN ][index.translog           ] [Zaladane] [logstash-2015.12.05][1] failed to delete temp file /Users/dobyeongsu/Dev/app/goblin-alt/debug/elasticsearch-2.1.0/data/elasticsearch/nodes/0/indices/logstash-2015.12.05/1/translog/translog-9173247606338142472.tlog
java.nio.file.NoSuchFileException: /Users/dobyeongsu/Dev/app/goblin-alt/debug/elasticsearch-2.1.0/data/elasticsearch/nodes/0/indices/logstash-2015.12.05/1/translog/translog-9173247606338142472.tlog
	at sun.nio.fs.UnixException.translateToIOException(UnixException.java:86)
	at sun.nio.fs.UnixException.rethrowAsIOException(UnixException.java:102)
	at sun.nio.fs.UnixException.rethrowAsIOException(UnixException.java:107)
	at sun.nio.fs.UnixFileSystemProvider.implDelete(UnixFileSystemProvider.java:244)
	at sun.nio.fs.AbstractFileSystemProvider.delete(AbstractFileSystemProvider.java:103)
	at java.nio.file.Files.delete(Files.java:1126)
	at org.elasticsearch.index.translog.Translog.recoverFromFiles(Translog.java:324)
	at org.elasticsearch.index.translog.Translog.<init>(Translog.java:166)
	at org.elasticsearch.index.engine.InternalEngine.openTranslog(InternalEngine.java:209)
	at org.elasticsearch.index.engine.InternalEngine.<init>(InternalEngine.java:152)
	at org.elasticsearch.index.engine.InternalEngineFactory.newReadWriteEngine(InternalEngineFactory.java:25)
	at org.elasticsearch.index.shard.IndexShard.newEngine(IndexShard.java:1408)
	at org.elasticsearch.index.shard.IndexShard.createNewEngine(IndexShard.java:1403)
	at org.elasticsearch.index.shard.IndexShard.internalPerformTranslogRecovery(IndexShard.java:906)
	at org.elasticsearch.index.shard.IndexShard.performTranslogRecovery(IndexShard.java:883)
	at org.elasticsearch.index.shard.StoreRecoveryService.recoverFromStore(StoreRecoveryService.java:245)
	at org.elasticsearch.index.shard.StoreRecoveryService.access$100(StoreRecoveryService.java:56)
	at org.elasticsearch.index.shard.StoreRecoveryService$1.run(StoreRecoveryService.java:129)
	at java.util.concurrent.ThreadPoolExecutor.runWorker(ThreadPoolExecutor.java:1142)
	at java.util.concurrent.ThreadPoolExecutor$Worker.run(ThreadPoolExecutor.java:617)
	at java.lang.Thread.run(Thread.java:745)
[2015-12-05 19:49:34,336][WARN ][index.translog           ] [Zaladane] [logstash-2015.12.04][3] failed to delete temp file /Users/dobyeongsu/Dev/app/goblin-alt/debug/elasticsearch-2.1.0/data/elasticsearch/nodes/0/indices/logstash-2015.12.04/3/translog/translog-1176281743520864011.tlog
java.nio.file.NoSuchFileException: /Users/dobyeongsu/Dev/app/goblin-alt/debug/elasticsearch-2.1.0/data/elasticsearch/nodes/0/indices/logstash-2015.12.04/3/translog/translog-1176281743520864011.tlog
	at sun.nio.fs.UnixException.translateToIOException(UnixException.java:86)
	at sun.nio.fs.UnixException.rethrowAsIOException(UnixException.java:102)
	at sun.nio.fs.UnixException.rethrowAsIOException(UnixException.java:107)
	at sun.nio.fs.UnixFileSystemProvider.implDelete(UnixFileSystemProvider.java:244)
	at sun.nio.fs.AbstractFileSystemProvider.delete(AbstractFileSystemProvider.java:103)
	at java.nio.file.Files.delete(Files.java:1126)
	at org.elasticsearch.index.translog.Translog.recoverFromFiles(Translog.java:324)
	at org.elasticsearch.index.translog.Translog.<init>(Translog.java:166)
	at org.elasticsearch.index.engine.InternalEngine.openTranslog(InternalEngine.java:209)
	at org.elasticsearch.index.engine.InternalEngine.<init>(InternalEngine.java:152)
	at org.elasticsearch.index.engine.InternalEngineFactory.newReadWriteEngine(InternalEngineFactory.java:25)
	at org.elasticsearch.index.shard.IndexShard.newEngine(IndexShard.java:1408)
	at org.elasticsearch.index.shard.IndexShard.createNewEngine(IndexShard.java:1403)
	at org.elasticsearch.index.shard.IndexShard.internalPerformTranslogRecovery(IndexShard.java:906)
	at org.elasticsearch.index.shard.IndexShard.performTranslogRecovery(IndexShard.java:883)
	at org.elasticsearch.index.shard.StoreRecoveryService.recoverFromStore(StoreRecoveryService.java:245)
	at org.elasticsearch.index.shard.StoreRecoveryService.access$100(StoreRecoveryService.java:56)
	at org.elasticsearch.index.shard.StoreRecoveryService$1.run(StoreRecoveryService.java:129)
	at java.util.concurrent.ThreadPoolExecutor.runWorker(ThreadPoolExecutor.java:1142)
	at java.util.concurrent.ThreadPoolExecutor$Worker.run(ThreadPoolExecutor.java:617)
	at java.lang.Thread.run(Thread.java:745)
[2015-12-05 19:49:34,379][WARN ][index.translog           ] [Zaladane] [logstash-2015.12.04][1] failed to delete temp file /Users/dobyeongsu/Dev/app/goblin-alt/debug/elasticsearch-2.1.0/data/elasticsearch/nodes/0/indices/logstash-2015.12.04/1/translog/translog-9185790769270326378.tlog
java.nio.file.NoSuchFileException: /Users/dobyeongsu/Dev/app/goblin-alt/debug/elasticsearch-2.1.0/data/elasticsearch/nodes/0/indices/logstash-2015.12.04/1/translog/translog-9185790769270326378.tlog
	at sun.nio.fs.UnixException.translateToIOException(UnixException.java:86)
	at sun.nio.fs.UnixException.rethrowAsIOException(UnixException.java:102)
	at sun.nio.fs.UnixException.rethrowAsIOException(UnixException.java:107)
	at sun.nio.fs.UnixFileSystemProvider.implDelete(UnixFileSystemProvider.java:244)
	at sun.nio.fs.AbstractFileSystemProvider.delete(AbstractFileSystemProvider.java:103)
	at java.nio.file.Files.delete(Files.java:1126)
	at org.elasticsearch.index.translog.Translog.recoverFromFiles(Translog.java:324)
	at org.elasticsearch.index.translog.Translog.<init>(Translog.java:166)
	at org.elasticsearch.index.engine.InternalEngine.openTranslog(InternalEngine.java:209)
	at org.elasticsearch.index.engine.InternalEngine.<init>(InternalEngine.java:152)
	at org.elasticsearch.index.engine.InternalEngineFactory.newReadWriteEngine(InternalEngineFactory.java:25)
	at org.elasticsearch.index.shard.IndexShard.newEngine(IndexShard.java:1408)
	at org.elasticsearch.index.shard.IndexShard.createNewEngine(IndexShard.java:1403)
	at org.elasticsearch.index.shard.IndexShard.internalPerformTranslogRecovery(IndexShard.java:906)
	at org.elasticsearch.index.shard.IndexShard.performTranslogRecovery(IndexShard.java:883)
	at org.elasticsearch.index.shard.StoreRecoveryService.recoverFromStore(StoreRecoveryService.java:245)
	at org.elasticsearch.index.shard.StoreRecoveryService.access$100(StoreRecoveryService.java:56)
	at org.elasticsearch.index.shard.StoreRecoveryService$1.run(StoreRecoveryService.java:129)
	at java.util.concurrent.ThreadPoolExecutor.runWorker(ThreadPoolExecutor.java:1142)
	at java.util.concurrent.ThreadPoolExecutor$Worker.run(ThreadPoolExecutor.java:617)
	at java.lang.Thread.run(Thread.java:745)
[2015-12-05 19:49:34,386][WARN ][index.translog           ] [Zaladane] [logstash-2015.12.04][2] failed to delete temp file /Users/dobyeongsu/Dev/app/goblin-alt/debug/elasticsearch-2.1.0/data/elasticsearch/nodes/0/indices/logstash-2015.12.04/2/translog/translog-4152542456808598417.tlog
java.nio.file.NoSuchFileException: /Users/dobyeongsu/Dev/app/goblin-alt/debug/elasticsearch-2.1.0/data/elasticsearch/nodes/0/indices/logstash-2015.12.04/2/translog/translog-4152542456808598417.tlog
	at sun.nio.fs.UnixException.translateToIOException(UnixException.java:86)
	at sun.nio.fs.UnixException.rethrowAsIOException(UnixException.java:102)
	at sun.nio.fs.UnixException.rethrowAsIOException(UnixException.java:107)
	at sun.nio.fs.UnixFileSystemProvider.implDelete(UnixFileSystemProvider.java:244)
	at sun.nio.fs.AbstractFileSystemProvider.delete(AbstractFileSystemProvider.java:103)
	at java.nio.file.Files.delete(Files.java:1126)
	at org.elasticsearch.index.translog.Translog.recoverFromFiles(Translog.java:324)
	at org.elasticsearch.index.translog.Translog.<init>(Translog.java:166)
	at org.elasticsearch.index.engine.InternalEngine.openTranslog(InternalEngine.java:209)
	at org.elasticsearch.index.engine.InternalEngine.<init>(InternalEngine.java:152)
	at org.elasticsearch.index.engine.InternalEngineFactory.newReadWriteEngine(InternalEngineFactory.java:25)
	at org.elasticsearch.index.shard.IndexShard.newEngine(IndexShard.java:1408)
	at org.elasticsearch.index.shard.IndexShard.createNewEngine(IndexShard.java:1403)
	at org.elasticsearch.index.shard.IndexShard.internalPerformTranslogRecovery(IndexShard.java:906)
	at org.elasticsearch.index.shard.IndexShard.performTranslogRecovery(IndexShard.java:883)
	at org.elasticsearch.index.shard.StoreRecoveryService.recoverFromStore(StoreRecoveryService.java:245)
	at org.elasticsearch.index.shard.StoreRecoveryService.access$100(StoreRecoveryService.java:56)
	at org.elasticsearch.index.shard.StoreRecoveryService$1.run(StoreRecoveryService.java:129)
	at java.util.concurrent.ThreadPoolExecutor.runWorker(ThreadPoolExecutor.java:1142)
	at java.util.concurrent.ThreadPoolExecutor$Worker.run(ThreadPoolExecutor.java:617)
	at java.lang.Thread.run(Thread.java:745)
[2015-12-05 19:49:34,410][WARN ][index.translog           ] [Zaladane] [logstash-2015.12.04][0] failed to delete temp file /Users/dobyeongsu/Dev/app/goblin-alt/debug/elasticsearch-2.1.0/data/elasticsearch/nodes/0/indices/logstash-2015.12.04/0/translog/translog-2298282075585317865.tlog
java.nio.file.NoSuchFileException: /Users/dobyeongsu/Dev/app/goblin-alt/debug/elasticsearch-2.1.0/data/elasticsearch/nodes/0/indices/logstash-2015.12.04/0/translog/translog-2298282075585317865.tlog
	at sun.nio.fs.UnixException.translateToIOException(UnixException.java:86)
	at sun.nio.fs.UnixException.rethrowAsIOException(UnixException.java:102)
	at sun.nio.fs.UnixException.rethrowAsIOException(UnixException.java:107)
	at sun.nio.fs.UnixFileSystemProvider.implDelete(UnixFileSystemProvider.java:244)
	at sun.nio.fs.AbstractFileSystemProvider.delete(AbstractFileSystemProvider.java:103)
	at java.nio.file.Files.delete(Files.java:1126)
	at org.elasticsearch.index.translog.Translog.recoverFromFiles(Translog.java:324)
	at org.elasticsearch.index.translog.Translog.<init>(Translog.java:166)
	at org.elasticsearch.index.engine.InternalEngine.openTranslog(InternalEngine.java:209)
	at org.elasticsearch.index.engine.InternalEngine.<init>(InternalEngine.java:152)
	at org.elasticsearch.index.engine.InternalEngineFactory.newReadWriteEngine(InternalEngineFactory.java:25)
	at org.elasticsearch.index.shard.IndexShard.newEngine(IndexShard.java:1408)
	at org.elasticsearch.index.shard.IndexShard.createNewEngine(IndexShard.java:1403)
	at org.elasticsearch.index.shard.IndexShard.internalPerformTranslogRecovery(IndexShard.java:906)
	at org.elasticsearch.index.shard.IndexShard.performTranslogRecovery(IndexShard.java:883)
	at org.elasticsearch.index.shard.StoreRecoveryService.recoverFromStore(StoreRecoveryService.java:245)
	at org.elasticsearch.index.shard.StoreRecoveryService.access$100(StoreRecoveryService.java:56)
	at org.elasticsearch.index.shard.StoreRecoveryService$1.run(StoreRecoveryService.java:129)
	at java.util.concurrent.ThreadPoolExecutor.runWorker(ThreadPoolExecutor.java:1142)
	at java.util.concurrent.ThreadPoolExecutor$Worker.run(ThreadPoolExecutor.java:617)
	at java.lang.Thread.run(Thread.java:745)
[2015-12-05 19:49:34,455][WARN ][index.translog           ] [Zaladane] [logstash-2015.12.03][2] failed to delete temp file /Users/dobyeongsu/Dev/app/goblin-alt/debug/elasticsearch-2.1.0/data/elasticsearch/nodes/0/indices/logstash-2015.12.03/2/translog/translog-1286142010752341854.tlog
java.nio.file.NoSuchFileException: /Users/dobyeongsu/Dev/app/goblin-alt/debug/elasticsearch-2.1.0/data/elasticsearch/nodes/0/indices/logstash-2015.12.03/2/translog/translog-1286142010752341854.tlog
	at sun.nio.fs.UnixException.translateToIOException(UnixException.java:86)
	at sun.nio.fs.UnixException.rethrowAsIOException(UnixException.java:102)
	at sun.nio.fs.UnixException.rethrowAsIOException(UnixException.java:107)
	at sun.nio.fs.UnixFileSystemProvider.implDelete(UnixFileSystemProvider.java:244)
	at sun.nio.fs.AbstractFileSystemProvider.delete(AbstractFileSystemProvider.java:103)
	at java.nio.file.Files.delete(Files.java:1126)
	at org.elasticsearch.index.translog.Translog.recoverFromFiles(Translog.java:324)
	at org.elasticsearch.index.translog.Translog.<init>(Translog.java:166)
	at org.elasticsearch.index.engine.InternalEngine.openTranslog(InternalEngine.java:209)
	at org.elasticsearch.index.engine.InternalEngine.<init>(InternalEngine.java:152)
	at org.elasticsearch.index.engine.InternalEngineFactory.newReadWriteEngine(InternalEngineFactory.java:25)
	at org.elasticsearch.index.shard.IndexShard.newEngine(IndexShard.java:1408)
	at org.elasticsearch.index.shard.IndexShard.createNewEngine(IndexShard.java:1403)
	at org.elasticsearch.index.shard.IndexShard.internalPerformTranslogRecovery(IndexShard.java:906)
	at org.elasticsearch.index.shard.IndexShard.performTranslogRecovery(IndexShard.java:883)
	at org.elasticsearch.index.shard.StoreRecoveryService.recoverFromStore(StoreRecoveryService.java:245)
	at org.elasticsearch.index.shard.StoreRecoveryService.access$100(StoreRecoveryService.java:56)
	at org.elasticsearch.index.shard.StoreRecoveryService$1.run(StoreRecoveryService.java:129)
	at java.util.concurrent.ThreadPoolExecutor.runWorker(ThreadPoolExecutor.java:1142)
	at java.util.concurrent.ThreadPoolExecutor$Worker.run(ThreadPoolExecutor.java:617)
	at java.lang.Thread.run(Thread.java:745)
[2015-12-05 19:49:34,465][WARN ][index.translog           ] [Zaladane] [logstash-2015.12.04][4] failed to delete temp file /Users/dobyeongsu/Dev/app/goblin-alt/debug/elasticsearch-2.1.0/data/elasticsearch/nodes/0/indices/logstash-2015.12.04/4/translog/translog-3733434780054864717.tlog
java.nio.file.NoSuchFileException: /Users/dobyeongsu/Dev/app/goblin-alt/debug/elasticsearch-2.1.0/data/elasticsearch/nodes/0/indices/logstash-2015.12.04/4/translog/translog-3733434780054864717.tlog
	at sun.nio.fs.UnixException.translateToIOException(UnixException.java:86)
	at sun.nio.fs.UnixException.rethrowAsIOException(UnixException.java:102)
	at sun.nio.fs.UnixException.rethrowAsIOException(UnixException.java:107)
	at sun.nio.fs.UnixFileSystemProvider.implDelete(UnixFileSystemProvider.java:244)
	at sun.nio.fs.AbstractFileSystemProvider.delete(AbstractFileSystemProvider.java:103)
	at java.nio.file.Files.delete(Files.java:1126)
	at org.elasticsearch.index.translog.Translog.recoverFromFiles(Translog.java:324)
	at org.elasticsearch.index.translog.Translog.<init>(Translog.java:166)
	at org.elasticsearch.index.engine.InternalEngine.openTranslog(InternalEngine.java:209)
	at org.elasticsearch.index.engine.InternalEngine.<init>(InternalEngine.java:152)
	at org.elasticsearch.index.engine.InternalEngineFactory.newReadWriteEngine(InternalEngineFactory.java:25)
	at org.elasticsearch.index.shard.IndexShard.newEngine(IndexShard.java:1408)
	at org.elasticsearch.index.shard.IndexShard.createNewEngine(IndexShard.java:1403)
	at org.elasticsearch.index.shard.IndexShard.internalPerformTranslogRecovery(IndexShard.java:906)
	at org.elasticsearch.index.shard.IndexShard.performTranslogRecovery(IndexShard.java:883)
	at org.elasticsearch.index.shard.StoreRecoveryService.recoverFromStore(StoreRecoveryService.java:245)
	at org.elasticsearch.index.shard.StoreRecoveryService.access$100(StoreRecoveryService.java:56)
	at org.elasticsearch.index.shard.StoreRecoveryService$1.run(StoreRecoveryService.java:129)
	at java.util.concurrent.ThreadPoolExecutor.runWorker(ThreadPoolExecutor.java:1142)
	at java.util.concurrent.ThreadPoolExecutor$Worker.run(ThreadPoolExecutor.java:617)
	at java.lang.Thread.run(Thread.java:745)
[2015-12-05 19:49:34,518][WARN ][index.translog           ] [Zaladane] [logstash-2015.12.03][3] failed to delete temp file /Users/dobyeongsu/Dev/app/goblin-alt/debug/elasticsearch-2.1.0/data/elasticsearch/nodes/0/indices/logstash-2015.12.03/3/translog/translog-7989410023224276258.tlog
java.nio.file.NoSuchFileException: /Users/dobyeongsu/Dev/app/goblin-alt/debug/elasticsearch-2.1.0/data/elasticsearch/nodes/0/indices/logstash-2015.12.03/3/translog/translog-7989410023224276258.tlog
	at sun.nio.fs.UnixException.translateToIOException(UnixException.java:86)
	at sun.nio.fs.UnixException.rethrowAsIOException(UnixException.java:102)
	at sun.nio.fs.UnixException.rethrowAsIOException(UnixException.java:107)
	at sun.nio.fs.UnixFileSystemProvider.implDelete(UnixFileSystemProvider.java:244)
	at sun.nio.fs.AbstractFileSystemProvider.delete(AbstractFileSystemProvider.java:103)
	at java.nio.file.Files.delete(Files.java:1126)
	at org.elasticsearch.index.translog.Translog.recoverFromFiles(Translog.java:324)
	at org.elasticsearch.index.translog.Translog.<init>(Translog.java:166)
	at org.elasticsearch.index.engine.InternalEngine.openTranslog(InternalEngine.java:209)
	at org.elasticsearch.index.engine.InternalEngine.<init>(InternalEngine.java:152)
	at org.elasticsearch.index.engine.InternalEngineFactory.newReadWriteEngine(InternalEngineFactory.java:25)
	at org.elasticsearch.index.shard.IndexShard.newEngine(IndexShard.java:1408)
	at org.elasticsearch.index.shard.IndexShard.createNewEngine(IndexShard.java:1403)
	at org.elasticsearch.index.shard.IndexShard.internalPerformTranslogRecovery(IndexShard.java:906)
	at org.elasticsearch.index.shard.IndexShard.performTranslogRecovery(IndexShard.java:883)
	at org.elasticsearch.index.shard.StoreRecoveryService.recoverFromStore(StoreRecoveryService.java:245)
	at org.elasticsearch.index.shard.StoreRecoveryService.access$100(StoreRecoveryService.java:56)
	at org.elasticsearch.index.shard.StoreRecoveryService$1.run(StoreRecoveryService.java:129)
	at java.util.concurrent.ThreadPoolExecutor.runWorker(ThreadPoolExecutor.java:1142)
	at java.util.concurrent.ThreadPoolExecutor$Worker.run(ThreadPoolExecutor.java:617)
	at java.lang.Thread.run(Thread.java:745)
[2015-12-05 19:49:34,540][WARN ][index.translog           ] [Zaladane] [logstash-2015.12.03][4] failed to delete temp file /Users/dobyeongsu/Dev/app/goblin-alt/debug/elasticsearch-2.1.0/data/elasticsearch/nodes/0/indices/logstash-2015.12.03/4/translog/translog-5390413840042729725.tlog
java.nio.file.NoSuchFileException: /Users/dobyeongsu/Dev/app/goblin-alt/debug/elasticsearch-2.1.0/data/elasticsearch/nodes/0/indices/logstash-2015.12.03/4/translog/translog-5390413840042729725.tlog
	at sun.nio.fs.UnixException.translateToIOException(UnixException.java:86)
	at sun.nio.fs.UnixException.rethrowAsIOException(UnixException.java:102)
	at sun.nio.fs.UnixException.rethrowAsIOException(UnixException.java:107)
	at sun.nio.fs.UnixFileSystemProvider.implDelete(UnixFileSystemProvider.java:244)
	at sun.nio.fs.AbstractFileSystemProvider.delete(AbstractFileSystemProvider.java:103)
	at java.nio.file.Files.delete(Files.java:1126)
	at org.elasticsearch.index.translog.Translog.recoverFromFiles(Translog.java:324)
	at org.elasticsearch.index.translog.Translog.<init>(Translog.java:166)
	at org.elasticsearch.index.engine.InternalEngine.openTranslog(InternalEngine.java:209)
	at org.elasticsearch.index.engine.InternalEngine.<init>(InternalEngine.java:152)
	at org.elasticsearch.index.engine.InternalEngineFactory.newReadWriteEngine(InternalEngineFactory.java:25)
	at org.elasticsearch.index.shard.IndexShard.newEngine(IndexShard.java:1408)
	at org.elasticsearch.index.shard.IndexShard.createNewEngine(IndexShard.java:1403)
	at org.elasticsearch.index.shard.IndexShard.internalPerformTranslogRecovery(IndexShard.java:906)
	at org.elasticsearch.index.shard.IndexShard.performTranslogRecovery(IndexShard.java:883)
	at org.elasticsearch.index.shard.StoreRecoveryService.recoverFromStore(StoreRecoveryService.java:245)
	at org.elasticsearch.index.shard.StoreRecoveryService.access$100(StoreRecoveryService.java:56)
	at org.elasticsearch.index.shard.StoreRecoveryService$1.run(StoreRecoveryService.java:129)
	at java.util.concurrent.ThreadPoolExecutor.runWorker(ThreadPoolExecutor.java:1142)
	at java.util.concurrent.ThreadPoolExecutor$Worker.run(ThreadPoolExecutor.java:617)
	at java.lang.Thread.run(Thread.java:745)
[2015-12-05 19:49:34,670][WARN ][index.translog           ] [Zaladane] [.kibana][0] failed to delete temp file /Users/dobyeongsu/Dev/app/goblin-alt/debug/elasticsearch-2.1.0/data/elasticsearch/nodes/0/indices/.kibana/0/translog/translog-7730546732046584904.tlog
java.nio.file.NoSuchFileException: /Users/dobyeongsu/Dev/app/goblin-alt/debug/elasticsearch-2.1.0/data/elasticsearch/nodes/0/indices/.kibana/0/translog/translog-7730546732046584904.tlog
	at sun.nio.fs.UnixException.translateToIOException(UnixException.java:86)
	at sun.nio.fs.UnixException.rethrowAsIOException(UnixException.java:102)
	at sun.nio.fs.UnixException.rethrowAsIOException(UnixException.java:107)
	at sun.nio.fs.UnixFileSystemProvider.implDelete(UnixFileSystemProvider.java:244)
	at sun.nio.fs.AbstractFileSystemProvider.delete(AbstractFileSystemProvider.java:103)
	at java.nio.file.Files.delete(Files.java:1126)
	at org.elasticsearch.index.translog.Translog.recoverFromFiles(Translog.java:324)
	at org.elasticsearch.index.translog.Translog.<init>(Translog.java:166)
	at org.elasticsearch.index.engine.InternalEngine.openTranslog(InternalEngine.java:209)
	at org.elasticsearch.index.engine.InternalEngine.<init>(InternalEngine.java:152)
	at org.elasticsearch.index.engine.InternalEngineFactory.newReadWriteEngine(InternalEngineFactory.java:25)
	at org.elasticsearch.index.shard.IndexShard.newEngine(IndexShard.java:1408)
	at org.elasticsearch.index.shard.IndexShard.createNewEngine(IndexShard.java:1403)
	at org.elasticsearch.index.shard.IndexShard.internalPerformTranslogRecovery(IndexShard.java:906)
	at org.elasticsearch.index.shard.IndexShard.performTranslogRecovery(IndexShard.java:883)
	at org.elasticsearch.index.shard.StoreRecoveryService.recoverFromStore(StoreRecoveryService.java:245)
	at org.elasticsearch.index.shard.StoreRecoveryService.access$100(StoreRecoveryService.java:56)
	at org.elasticsearch.index.shard.StoreRecoveryService$1.run(StoreRecoveryService.java:129)
	at java.util.concurrent.ThreadPoolExecutor.runWorker(ThreadPoolExecutor.java:1142)
	at java.util.concurrent.ThreadPoolExecutor$Worker.run(ThreadPoolExecutor.java:617)
	at java.lang.Thread.run(Thread.java:745)
[2015-12-05 19:49:34,704][WARN ][index.translog           ] [Zaladane] [logstash-2015.12.03][1] failed to delete temp file /Users/dobyeongsu/Dev/app/goblin-alt/debug/elasticsearch-2.1.0/data/elasticsearch/nodes/0/indices/logstash-2015.12.03/1/translog/translog-2541475755431430730.tlog
java.nio.file.NoSuchFileException: /Users/dobyeongsu/Dev/app/goblin-alt/debug/elasticsearch-2.1.0/data/elasticsearch/nodes/0/indices/logstash-2015.12.03/1/translog/translog-2541475755431430730.tlog
	at sun.nio.fs.UnixException.translateToIOException(UnixException.java:86)
	at sun.nio.fs.UnixException.rethrowAsIOException(UnixException.java:102)
	at sun.nio.fs.UnixException.rethrowAsIOException(UnixException.java:107)
	at sun.nio.fs.UnixFileSystemProvider.implDelete(UnixFileSystemProvider.java:244)
	at sun.nio.fs.AbstractFileSystemProvider.delete(AbstractFileSystemProvider.java:103)
	at java.nio.file.Files.delete(Files.java:1126)
	at org.elasticsearch.index.translog.Translog.recoverFromFiles(Translog.java:324)
	at org.elasticsearch.index.translog.Translog.<init>(Translog.java:166)
	at org.elasticsearch.index.engine.InternalEngine.openTranslog(InternalEngine.java:209)
	at org.elasticsearch.index.engine.InternalEngine.<init>(InternalEngine.java:152)
	at org.elasticsearch.index.engine.InternalEngineFactory.newReadWriteEngine(InternalEngineFactory.java:25)
	at org.elasticsearch.index.shard.IndexShard.newEngine(IndexShard.java:1408)
	at org.elasticsearch.index.shard.IndexShard.createNewEngine(IndexShard.java:1403)
	at org.elasticsearch.index.shard.IndexShard.internalPerformTranslogRecovery(IndexShard.java:906)
	at org.elasticsearch.index.shard.IndexShard.performTranslogRecovery(IndexShard.java:883)
	at org.elasticsearch.index.shard.StoreRecoveryService.recoverFromStore(StoreRecoveryService.java:245)
	at org.elasticsearch.index.shard.StoreRecoveryService.access$100(StoreRecoveryService.java:56)
	at org.elasticsearch.index.shard.StoreRecoveryService$1.run(StoreRecoveryService.java:129)
	at java.util.concurrent.ThreadPoolExecutor.runWorker(ThreadPoolExecutor.java:1142)
	at java.util.concurrent.ThreadPoolExecutor$Worker.run(ThreadPoolExecutor.java:617)
	at java.lang.Thread.run(Thread.java:745)
[2015-12-05 19:49:34,711][WARN ][index.translog           ] [Zaladane] [logstash-2015.12.03][0] failed to delete temp file /Users/dobyeongsu/Dev/app/goblin-alt/debug/elasticsearch-2.1.0/data/elasticsearch/nodes/0/indices/logstash-2015.12.03/0/translog/translog-234927497045396923.tlog
java.nio.file.NoSuchFileException: /Users/dobyeongsu/Dev/app/goblin-alt/debug/elasticsearch-2.1.0/data/elasticsearch/nodes/0/indices/logstash-2015.12.03/0/translog/translog-234927497045396923.tlog
	at sun.nio.fs.UnixException.translateToIOException(UnixException.java:86)
	at sun.nio.fs.UnixException.rethrowAsIOException(UnixException.java:102)
	at sun.nio.fs.UnixException.rethrowAsIOException(UnixException.java:107)
	at sun.nio.fs.UnixFileSystemProvider.implDelete(UnixFileSystemProvider.java:244)
	at sun.nio.fs.AbstractFileSystemProvider.delete(AbstractFileSystemProvider.java:103)
	at java.nio.file.Files.delete(Files.java:1126)
	at org.elasticsearch.index.translog.Translog.recoverFromFiles(Translog.java:324)
	at org.elasticsearch.index.translog.Translog.<init>(Translog.java:166)
	at org.elasticsearch.index.engine.InternalEngine.openTranslog(InternalEngine.java:209)
	at org.elasticsearch.index.engine.InternalEngine.<init>(InternalEngine.java:152)
	at org.elasticsearch.index.engine.InternalEngineFactory.newReadWriteEngine(InternalEngineFactory.java:25)
	at org.elasticsearch.index.shard.IndexShard.newEngine(IndexShard.java:1408)
	at org.elasticsearch.index.shard.IndexShard.createNewEngine(IndexShard.java:1403)
	at org.elasticsearch.index.shard.IndexShard.internalPerformTranslogRecovery(IndexShard.java:906)
	at org.elasticsearch.index.shard.IndexShard.performTranslogRecovery(IndexShard.java:883)
	at org.elasticsearch.index.shard.StoreRecoveryService.recoverFromStore(StoreRecoveryService.java:245)
	at org.elasticsearch.index.shard.StoreRecoveryService.access$100(StoreRecoveryService.java:56)
	at org.elasticsearch.index.shard.StoreRecoveryService$1.run(StoreRecoveryService.java:129)
	at java.util.concurrent.ThreadPoolExecutor.runWorker(ThreadPoolExecutor.java:1142)
	at java.util.concurrent.ThreadPoolExecutor$Worker.run(ThreadPoolExecutor.java:617)
	at java.lang.Thread.run(Thread.java:745)
[2015-12-05 19:50:07,739][INFO ][cluster.metadata         ] [Zaladane] [logstash-2015.12.05] update_mapping [logs]
[2015-12-05 19:50:07,956][INFO ][cluster.metadata         ] [Zaladane] [logstash-2015.12.05] update_mapping [logs]
[2015-12-05 19:50:08,724][INFO ][cluster.metadata         ] [Zaladane] [logstash-2015.12.05] update_mapping [logs]
